Build started 05.03.2013 23:22:52.
     1>Project "c:\Users\Mikael\documents\visual studio 2010\Projects\oblig2-billettsystem\oblig2-billettsystem\oblig2-billettsystem.vcxproj" on node 2 (build target(s)).
     1>PrepareForBuild:
         Creating directory "c:\users\mikael\documents\visual studio 2010\Projects\oblig2-billettsystem\Debug\".
       InitializeBuildStatus:
         Creating "Debug\oblig2-billettsystem.unsuccessfulbuild" because "AlwaysCreate" was specified.
       ClCompile:
         e:\Programmer\vb 2010 express\VC\bin\CL.exe /c /ZI /nologo /W3 /WX- /Od /Oy- /D _MBCS /Gm /EHsc /RTC1 /MDd /GS /fp:precise /Zc:wchar_t /Zc:forScope /Fo"Debug\\" /Fd"Debug\vc100.pdb" /Gd /TP /analyze- /errorReport:prompt "..\..\..\..\..\workspace\Billettsystem-\bilettsystem\main.cpp"
         main.cpp
       Link:
         e:\Programmer\vb 2010 express\VC\bin\link.exe /ERRORREPORT:PROMPT /OUT:"c:\users\mikael\documents\visual studio 2010\Projects\oblig2-billettsystem\Debug\oblig2-billettsystem.exe" /NOLOGO kernel32.lib user32.lib gdi32.lib winspool.lib comdlg32.lib advapi32.lib shell32.lib ole32.lib oleaut32.lib uuid.lib odbc32.lib odbccp32.lib /MANIFEST /ManifestFile:"Debug\oblig2-billettsystem.exe.intermediate.manifest" /MANIFESTUAC:"level='asInvoker' uiAccess='false'" /DEBUG /PDB:"c:\users\mikael\documents\visual studio 2010\Projects\oblig2-billettsystem\Debug\oblig2-billettsystem.pdb" /TLBID:1 /DYNAMICBASE /NXCOMPAT /IMPLIB:"c:\users\mikael\documents\visual studio 2010\Projects\oblig2-billettsystem\Debug\oblig2-billettsystem.lib" /MACHINE:X86 Debug\main.obj
         oblig2-billettsystem.vcxproj -> c:\users\mikael\documents\visual studio 2010\Projects\oblig2-billettsystem\Debug\oblig2-billettsystem.exe
       Manifest:
         C:\Program Files (x86)\Microsoft SDKs\Windows\v7.0A\bin\mt.exe /nologo /verbose /outputresource:"c:\users\mikael\documents\visual studio 2010\Projects\oblig2-billettsystem\Debug\oblig2-billettsystem.exe;#1" /manifest "Debug\oblig2-billettsystem.exe.intermediate.manifest"
       FinalizeBuildStatus:
         Deleting file "Debug\oblig2-billettsystem.unsuccessfulbuild".
         Touching "Debug\oblig2-billettsystem.lastbuildstate".
     1>Done Building Project "c:\Users\Mikael\documents\visual studio 2010\Projects\oblig2-billettsystem\oblig2-billettsystem\oblig2-billettsystem.vcxproj" (build target(s)).

Build succeeded.

Time Elapsed 00:00:01.70
